๏ปฟReading DWG file C:\Users\Yy199\Desktop\๏ฟฝ๏ฟฝ๏ฟฝ๏ฟฝ๏ฟฝ๏ฟฝ๏ฟฝ\CADอผ๏ฟฝ๏ฟฝ๏ฟฝ๏ฟฝฦป๏ฟฝ\๏ฟฝ๏ฟฝษญ๏ฟฝ๏ฟฝิฐ(๏ฟฝ๏ฟฝ๏ฟฝ๏ฟฝลด๏ฟฝ)-๏ฟฝ๏ฟฝ๏ฟฝ์ฝจ๏ฟฝ๏ฟฝสพ๏ฟฝ๏ฟฝ_t5.dwg
dwg2dxf.exe : Warning: Unstable Class object 503 MATERIAL (0x481) 12/0
At line:2 char:462
+ ... nversion_20260605.log'; & $exe -y --as r2004 -o $out $in *>&1 | Tee-O ...
+                             ~~~~~~~~~~~~~~~~~~~~~~~~~~~~~~~~~~~~~
    + CategoryInfo          : NotSpecified: (Warning: Unstab...AL (0x481) 12/0:String) [], RemoteException
    + FullyQualifiedErrorId : NativeCommandError
 
Warning: Skip HATCH common handles due to short handle stream
Warning: Skip HATCH common handles due to short handle stream
Warning: Skip HATCH common handles due to short handle stream
Warning: Unstable Class object 503 MATERIAL (0x481) 273182/0
Warning: Unstable Class object 503 MATERIAL (0x481) 273190/0
Warning: Unstable Class object 502 TABLESTYLE (0xfff) 273216/0
Warning: Unhandled Class object 874 TCH_DBCONFIG (0x1) 273258/0
Warning: Object handle not found 273323/0x42BAB
Warning: Unstable Class object 503 MATERIAL (0x481) 12/E
Warning: Unstable Class object 503 MATERIAL (0x481) 273182/42B24
Warning: Unstable Class object 503 MATERIAL (0x481) 273190/42B2C
Warning: Unknown object, skipping eed/reactors/xdic
Writing DXF file C:\Users\Yy199\Desktop\๏ฟฝ๏ฟฝ๏ฟฝ๏ฟฝ๏ฟฝ๏ฟฝ๏ฟฝ\30_extraction\cad\osen_north_t5_libredwg_r2004.dxf as r2004
